2023.08.19 12:30:19 INFO  Started: Metals version 1.0.0 in folders 'C:\Users\jdamodhar\Desktop\python_essential-\DataCamp-ds-deloitte-master' for client Visual Studio Code 1.81.1.
Aug 19, 2023 12:30:19 PM org.flywaydb.core.internal.license.VersionPrinter printVersionOnly
INFO: Flyway Community Edition 9.20.1 by Redgate
Aug 19, 2023 12:30:19 PM org.flywaydb.core.internal.license.VersionPrinter printVersion
INFO: See release notes here: https://rd.gt/416ObMi
Aug 19, 2023 12:30:19 PM org.flywaydb.core.internal.license.VersionPrinter printVersion
INFO: 
Aug 19, 2023 12:30:20 PM org.flywaydb.core.internal.database.base.BaseDatabaseType createDatabase
INFO: Database: jdbc:h2:file:C:\Users\jdamodhar\Desktop\python_essential-\DataCamp-ds-deloitte-master\.metals\metals (H2 2.1)
Aug 19, 2023 12:30:20 PM org.flywaydb.core.internal.schemahistory.JdbcTableSchemaHistory allAppliedMigrations
INFO: Schema history table "PUBLIC"."flyway_schema_history" does not exist yet
Aug 19, 2023 12:30:20 PM org.flywaydb.core.internal.command.DbValidate validate
INFO: Successfully validated 4 migrations (execution time 00:00.016s)
Aug 19, 2023 12:30:20 PM org.flywaydb.core.internal.schemahistory.JdbcTableSchemaHistory create
INFO: Creating Schema History table "PUBLIC"."flyway_schema_history" ...
Aug 19, 2023 12:30:20 PM org.flywaydb.core.internal.command.DbMigrate migrateGroup
INFO: Current version of schema "PUBLIC": << Empty Schema >>
Aug 19, 2023 12:30:20 PM org.flywaydb.core.internal.command.DbMigrate doMigrateGroup
INFO: Migrating schema "PUBLIC" to version "1 - Create tables"
Aug 19, 2023 12:30:20 PM org.flywaydb.core.internal.command.DbMigrate doMigrateGroup
INFO: Migrating schema "PUBLIC" to version "2 - Server discovery"
Aug 19, 2023 12:30:20 PM org.flywaydb.core.internal.command.DbMigrate doMigrateGroup
INFO: Migrating schema "PUBLIC" to version "3 - Jar symbols"
Aug 19, 2023 12:30:20 PM org.flywaydb.core.internal.command.DbMigrate doMigrateGroup
INFO: Migrating schema "PUBLIC" to version "4 - Fingerprints"
Aug 19, 2023 12:30:20 PM org.flywaydb.core.internal.command.DbMigrate logSummary
INFO: Successfully applied 4 migrations to schema "PUBLIC", now at version v4 (execution time 00:00.020s)
2023.08.19 12:30:20 INFO  time: initialize in 1.03s
2023.08.19 12:30:38 WARN  Build server is not auto-connectable.
2023.08.19 12:30:38 WARN  no build tool detected in workspace 'C:\Users\jdamodhar\Desktop\python_essential-\DataCamp-ds-deloitte-master'. The most common cause for this problem is that the editor was opened in the wrong working directory, for example if you use sbt then the workspace directory should contain build.sbt. 
Aug 19, 2023 1:27:45 PM org.eclipse.lsp4j.jsonrpc.services.GenericEndpoint notify
INFO: Unsupported notification method: $/setTrace
Aug 19, 2023 2:02:44 PM org.eclipse.lsp4j.jsonrpc.services.GenericEndpoint notify
INFO: Unsupported notification method: $/setTrace
Aug 19, 2023 2:14:47 PM org.eclipse.lsp4j.jsonrpc.services.GenericEndpoint notify
INFO: Unsupported notification method: $/setTrace
2023.08.19 18:13:37 INFO  Shutting down server
2023.08.19 18:13:37 INFO  shutting down Metals
2023.08.19 18:13:37 INFO  Exiting server
2023.09.26 23:12:31 INFO  Started: Metals version 1.0.1 in folders 'C:\Users\jdamodhar\Desktop\python_essential-\DataCamp-ds-deloitte-master' for client Visual Studio Code 1.82.2.
Sep 26, 2023 11:12:31 PM org.flywaydb.core.internal.license.VersionPrinter printVersionOnly
INFO: Flyway Community Edition 9.21.2 by Redgate
Sep 26, 2023 11:12:31 PM org.flywaydb.core.internal.license.VersionPrinter printVersion
INFO: See release notes here: https://rd.gt/416ObMi
Sep 26, 2023 11:12:31 PM org.flywaydb.core.internal.license.VersionPrinter printVersion
INFO: 
Sep 26, 2023 11:12:32 PM org.flywaydb.core.FlywayExecutor execute
INFO: Database: jdbc:h2:file:C:\Users\jdamodhar\Desktop\python_essential-\DataCamp-ds-deloitte-master\.metals\metals (H2 2.1)
Sep 26, 2023 11:12:32 PM org.flywaydb.core.internal.command.DbValidate validate
INFO: Successfully validated 4 migrations (execution time 00:00.032s)
Sep 26, 2023 11:12:32 PM org.flywaydb.core.internal.command.DbMigrate migrateGroup
INFO: Current version of schema "PUBLIC": 4
Sep 26, 2023 11:12:32 PM org.flywaydb.core.internal.command.DbMigrate logSummary
INFO: Schema "PUBLIC" is up to date. No migration necessary.
2023.09.26 23:12:33 INFO  time: initialize in 1.28s
2023.09.26 23:12:57 WARN  Build server is not auto-connectable.
2023.09.26 23:12:57 WARN  no build tool detected in workspace 'C:\Users\jdamodhar\Desktop\python_essential-\DataCamp-ds-deloitte-master'. The most common cause for this problem is that the editor was opened in the wrong working directory, for example if you use sbt then the workspace directory should contain build.sbt. 
2023.10.28 23:18:25 INFO  Started: Metals version 1.1.0 in folders 'C:\Users\jdamodhar\Desktop\python_essential-\DataCamp-ds-deloitte-master' for client Visual Studio Code 1.83.1.
2023.10.28 23:18:31 WARN  Build server is not auto-connectable.
2023.10.28 23:18:31 WARN  no build tool detected in workspace 'C:\Users\jdamodhar\Desktop\python_essential-\DataCamp-ds-deloitte-master'. The most common cause for this problem is that the editor was opened in the wrong working directory, for example if you use sbt then the workspace directory should contain build.sbt. 
2023.10.28 23:29:21 INFO  Shutting down server
2023.10.28 23:29:21 INFO  shutting down Metals
2023.10.28 23:29:21 INFO  Exiting server
